# JRE version: OpenJDK Runtime Environment (8.0_202) (build 1.8.0_202-release-1483-b49-5587405)
# Java VM: OpenJDK 64-Bit Server VM (25.202-b49-5587405 mixed mode linux-amd64 compressed oops)
Heap:
 PSYoungGen      total 477184K, used 0K [0x00000000e0000000, 0x00000000ff480000, 0x0000000100000000)
  eden space 445440K, 0% used [0x00000000e0000000,0x00000000e0000000,0x00000000fb300000)
  from space 31744K, 0% used [0x00000000fd280000,0x00000000fd280000,0x00000000ff180000)
  to   space 32256K, 23% used [0x00000000fb300000,0x00000000fba79670,0x00000000fd280000)
 ParOldGen       total 151552K, used 151287K [0x00000000a0000000, 0x00000000a9400000, 0x00000000e0000000)
  object space 151552K, 99% used [0x00000000a0000000,0x00000000a93bdde0,0x00000000a9400000)
 Metaspace       used 72791K, capacity 75746K, committed 76288K, reserved 1116160K
  class space    used 9734K, capacity 10325K, committed 10496K, reserved 1048576K
GC Heap History (10 events):
Event: 15,498 GC heap after
Heap after GC invocations=18 (full 3):
 PSYoungGen      total 336896K, used 11611K [0x00000000e0000000, 0x00000000fbb80000, 0x0000000100000000)
  eden space 303104K, 0% used [0x00000000e0000000,0x00000000e0000000,0x00000000f2800000)
  from space 33792K, 34% used [0x00000000f2800000,0x00000000f3356f38,0x00000000f4900000)
  to   space 32256K, 0% used [0x00000000f9c00000,0x00000000f9c00000,0x00000000fbb80000)
 ParOldGen       total 134656K, used 71807K [0x00000000a0000000, 0x00000000a8380000, 0x00000000e0000000)
  object space 134656K, 53% used [0x00000000a0000000,0x00000000a461fd90,0x00000000a8380000)
 Metaspace       used 70755K, capacity 73718K, committed 73856K, reserved 1112064K
  class space    used 9666K, capacity 10283K, committed 10368K, reserved 1048576K
}
Event: 16,784 GC heap before
{Heap before GC invocations=19 (full 3):
 PSYoungGen      total 336896K, used 314715K [0x00000000e0000000, 0x00000000fbb80000, 0x0000000100000000)
  eden space 303104K, 100% used [0x00000000e0000000,0x00000000f2800000,0x00000000f2800000)
  from space 33792K, 34% used [0x00000000f2800000,0x00000000f3356f38,0x00000000f4900000)
  to   space 32256K, 0% used [0x00000000f9c00000,0x00000000f9c00000,0x00000000fbb80000)
 ParOldGen       total 134656K, used 71807K [0x00000000a0000000, 0x00000000a8380000, 0x00000000e0000000)
  object space 134656K, 53% used [0x00000000a0000000,0x00000000a461fd90,0x00000000a8380000)
 Metaspace       used 71337K, capacity 74362K, committed 74624K, reserved 1114112K
  class space    used 9668K, capacity 10283K, committed 10368K, reserved 1048576K
Event: 16,799 GC heap after
Heap after GC invocations=19 (full 3):
 PSYoungGen      total 403456K, used 6864K [0x00000000e0000000, 0x00000000fb180000, 0x0000000100000000)
  eden space 381440K, 0% used [0x00000000e0000000,0x00000000e0000000,0x00000000f7480000)
  from space 22016K, 31% used [0x00000000f9c00000,0x00000000fa2b40b0,0x00000000fb180000)
  to   space 31232K, 0% used [0x00000000f7480000,0x00000000f7480000,0x00000000f9300000)
 ParOldGen       total 134656K, used 71815K [0x00000000a0000000, 0x00000000a8380000, 0x00000000e0000000)
  object space 134656K, 53% used [0x00000000a0000000,0x00000000a4621d90,0x00000000a8380000)
 Metaspace       used 71337K, capacity 74362K, committed 74624K, reserved 1114112K
  class space    used 9668K, capacity 10283K, committed 10368K, reserved 1048576K
}
Event: 18,322 GC heap before
{Heap before GC invocations=20 (full 3):
 PSYoungGen      total 403456K, used 388304K [0x00000000e0000000, 0x00000000fb180000, 0x0000000100000000)
  eden space 381440K, 100% used [0x00000000e0000000,0x00000000f7480000,0x00000000f7480000)
  from space 22016K, 31% used [0x00000000f9c00000,0x00000000fa2b40b0,0x00000000fb180000)
  to   space 31232K, 0% used [0x00000000f7480000,0x00000000f7480000,0x00000000f9300000)
 ParOldGen       total 134656K, used 71815K [0x00000000a0000000, 0x00000000a8380000, 0x00000000e0000000)
  object space 134656K, 53% used [0x00000000a0000000,0x00000000a4621d90,0x00000000a8380000)
 Metaspace       used 72277K, capacity 75416K, committed 75776K, reserved 1114112K
  class space    used 9758K, capacity 10376K, committed 10496K, reserved 1048576K
Event: 18,359 GC heap after
Heap after GC invocations=20 (full 3):
 PSYoungGen      total 412672K, used 19440K [0x00000000e0000000, 0x00000000ff180000, 0x0000000100000000)
  eden space 381440K, 0% used [0x00000000e0000000,0x00000000e0000000,0x00000000f7480000)
  from space 31232K, 62% used [0x00000000f7480000,0x00000000f877c1f0,0x00000000f9300000)
  to   space 31744K, 0% used [0x00000000fd280000,0x00000000fd280000,0x00000000ff180000)
 ParOldGen       total 134656K, used 71823K [0x00000000a0000000, 0x00000000a8380000, 0x00000000e0000000)
  object space 134656K, 53% used [0x00000000a0000000,0x00000000a4623d90,0x00000000a8380000)
 Metaspace       used 72277K, capacity 75416K, committed 75776K, reserved 1114112K
  class space    used 9758K, capacity 10376K, committed 10496K, reserved 1048576K
}
Event: 19,967 GC heap before
{Heap before GC invocations=21 (full 3):
 PSYoungGen      total 412672K, used 400880K [0x00000000e0000000, 0x00000000ff180000, 0x0000000100000000)
  eden space 381440K, 100% used [0x00000000e0000000,0x00000000f7480000,0x00000000f7480000)
  from space 31232K, 62% used [0x00000000f7480000,0x00000000f877c1f0,0x00000000f9300000)
  to   space 31744K, 0% used [0x00000000fd280000,0x00000000fd280000,0x00000000ff180000)
 ParOldGen       total 134656K, used 71823K [0x00000000a0000000, 0x00000000a8380000, 0x00000000e0000000)
  object space 134656K, 53% used [0x00000000a0000000,0x00000000a4623d90,0x00000000a8380000)
 Metaspace       used 72498K, capacity 75580K, committed 75776K, reserved 1114112K
  class space    used 9760K, capacity 10376K, committed 10496K, reserved 1048576K
Event: 20,020 GC heap after
Heap after GC invocations=21 (full 3):
 PSYoungGen      total 477184K, used 19034K [0x00000000e0000000, 0x00000000ff480000, 0x0000000100000000)
  eden space 445440K, 0% used [0x00000000e0000000,0x00000000e0000000,0x00000000fb300000)
  from space 31744K, 59% used [0x00000000fd280000,0x00000000fe516990,0x00000000ff180000)
  to   space 32256K, 0% used [0x00000000fb300000,0x00000000fb300000,0x00000000fd280000)
 ParOldGen       total 134656K, used 71831K [0x00000000a0000000, 0x00000000a8380000, 0x00000000e0000000)
  object space 134656K, 53% used [0x00000000a0000000,0x00000000a4625d90,0x00000000a8380000)
 Metaspace       used 72498K, capacity 75580K, committed 75776K, reserved 1114112K
  class space    used 9760K, capacity 10376K, committed 10496K, reserved 1048576K
}
Event: 23,677 GC heap before
{Heap before GC invocations=22 (full 3):
 PSYoungGen      total 477184K, used 464474K [0x00000000e0000000, 0x00000000ff480000, 0x0000000100000000)
  eden space 445440K, 100% used [0x00000000e0000000,0x00000000fb300000,0x00000000fb300000)
  from space 31744K, 59% used [0x00000000fd280000,0x00000000fe516990,0x00000000ff180000)
  to   space 32256K, 0% used [0x00000000fb300000,0x00000000fb300000,0x00000000fd280000)
 ParOldGen       total 134656K, used 71831K [0x00000000a0000000, 0x00000000a8380000, 0x00000000e0000000)
  object space 134656K, 53% used [0x00000000a0000000,0x00000000a4625d90,0x00000000a8380000)
 Metaspace       used 72884K, capacity 75998K, committed 76288K, reserved 1116160K
  class space    used 9763K, capacity 10377K, committed 10496K, reserved 1048576K
Event: 25,483 GC heap after
Heap after GC invocations=22 (full 3):
 PSYoungGen      total 477184K, used 464474K [0x00000000e0000000, 0x00000000ff480000, 0x0000000100000000)
  eden space 445440K, 100% used [0x00000000e0000000,0x00000000fb300000,0x00000000fb300000)
  from space 31744K, 59% used [0x00000000fd280000,0x00000000fe516990,0x00000000ff180000)
  to   space 32256K, 99% used [0x00000000fb300000,0x00000000fd27b248,0x00000000fd280000)
 ParOldGen       total 151552K, used 151237K [0x00000000a0000000, 0x00000000a9400000, 0x00000000e0000000)
  object space 151552K, 99% used [0x00000000a0000000,0x00000000a93b1670,0x00000000a9400000)
 Metaspace       used 72884K, capacity 75998K, committed 76288K, reserved 1116160K
  class space    used 9763K, capacity 10377K, committed 10496K, reserved 1048576K
}
Event: 25,497 GC heap before
{Heap before GC invocations=23 (full 4):
 PSYoungGen      total 477184K, used 464474K [0x00000000e0000000, 0x00000000ff480000, 0x0000000100000000)
  eden space 445440K, 100% used [0x00000000e0000000,0x00000000fb300000,0x00000000fb300000)
  from space 31744K, 59% used [0x00000000fd280000,0x00000000fe516990,0x00000000ff180000)
  to   space 32256K, 99% used [0x00000000fb300000,0x00000000fd27b248,0x00000000fd280000)
 ParOldGen       total 151552K, used 151237K [0x00000000a0000000, 0x00000000a9400000, 0x00000000e0000000)
  object space 151552K, 99% used [0x00000000a0000000,0x00000000a93b1670,0x00000000a9400000)
 Metaspace       used 72884K, capacity 75998K, committed 76288K, reserved 1116160K
  class space    used 9763K, capacity 10377K, committed 10496K, reserved 1048576K

