# JRE version: OpenJDK Runtime Environment (8.0_202) (build 1.8.0_202-release-1483-b49-5587405)
# Java VM: OpenJDK 64-Bit Server VM (25.202-b49-5587405 mixed mode linux-amd64 compressed oops)
Heap:
 PSYoungGen      total 355840K, used 0K [0x00000000e0000000, 0x00000000fcd80000, 0x0000000100000000)
  eden space 309248K, 0% used [0x00000000e0000000,0x00000000e0000000,0x00000000f2e00000)
  from space 46592K, 0% used [0x00000000f2e00000,0x00000000f2e00000,0x00000000f5b80000)
  to   space 53760K, 0% used [0x00000000f9900000,0x00000000f9900000,0x00000000fcd80000)
 ParOldGen       total 134656K, used 82026K [0x00000000a0000000, 0x00000000a8380000, 0x00000000e0000000)
  object space 134656K, 60% used [0x00000000a0000000,0x00000000a501abf8,0x00000000a8380000)
 Metaspace       used 94087K, capacity 97254K, committed 98380K, reserved 1134592K
  class space    used 11884K, capacity 12553K, committed 12800K, reserved 1048576K
GC Heap History (10 events):
Event: 8230,514 GC heap after
Heap after GC invocations=18 (full 3):
 PSYoungGen      total 293888K, used 30701K [0x00000000e0000000, 0x00000000f6780000, 0x0000000100000000)
  eden space 263168K, 0% used [0x00000000e0000000,0x00000000e0000000,0x00000000f0100000)
  from space 30720K, 99% used [0x00000000f0100000,0x00000000f1efb480,0x00000000f1f00000)
  to   space 45056K, 0% used [0x00000000f3b80000,0x00000000f3b80000,0x00000000f6780000)
 ParOldGen       total 134656K, used 81652K [0x00000000a0000000, 0x00000000a8380000, 0x00000000e0000000)
  object space 134656K, 60% used [0x00000000a0000000,0x00000000a4fbd288,0x00000000a8380000)
 Metaspace       used 82018K, capacity 85346K, committed 85464K, reserved 1124352K
  class space    used 10516K, capacity 11205K, committed 11264K, reserved 1048576K
}
Event: 8281,865 GC heap before
{Heap before GC invocations=19 (full 3):
 PSYoungGen      total 293888K, used 293869K [0x00000000e0000000, 0x00000000f6780000, 0x0000000100000000)
  eden space 263168K, 100% used [0x00000000e0000000,0x00000000f0100000,0x00000000f0100000)
  from space 30720K, 99% used [0x00000000f0100000,0x00000000f1efb480,0x00000000f1f00000)
  to   space 45056K, 0% used [0x00000000f3b80000,0x00000000f3b80000,0x00000000f6780000)
 ParOldGen       total 134656K, used 81652K [0x00000000a0000000, 0x00000000a8380000, 0x00000000e0000000)
  object space 134656K, 60% used [0x00000000a0000000,0x00000000a4fbd288,0x00000000a8380000)
 Metaspace       used 83113K, capacity 86612K, committed 86872K, reserved 1124352K
  class space    used 10635K, capacity 11352K, committed 11392K, reserved 1048576K
Event: 8281,941 GC heap after
Heap after GC invocations=19 (full 3):
 PSYoungGen      total 321536K, used 29641K [0x00000000e0000000, 0x00000000f9600000, 0x0000000100000000)
  eden space 276480K, 0% used [0x00000000e0000000,0x00000000e0000000,0x00000000f0e00000)
  from space 45056K, 65% used [0x00000000f3b80000,0x00000000f5872750,0x00000000f6780000)
  to   space 46592K, 0% used [0x00000000f0e00000,0x00000000f0e00000,0x00000000f3b80000)
 ParOldGen       total 134656K, used 97230K [0x00000000a0000000, 0x00000000a8380000, 0x00000000e0000000)
  object space 134656K, 72% used [0x00000000a0000000,0x00000000a5ef3a70,0x00000000a8380000)
 Metaspace       used 83113K, capacity 86612K, committed 86872K, reserved 1124352K
  class space    used 10635K, capacity 11352K, committed 11392K, reserved 1048576K
}
Event: 8309,550 GC heap before
{Heap before GC invocations=20 (full 3):
 PSYoungGen      total 321536K, used 306121K [0x00000000e0000000, 0x00000000f9600000, 0x0000000100000000)
  eden space 276480K, 100% used [0x00000000e0000000,0x00000000f0e00000,0x00000000f0e00000)
  from space 45056K, 65% used [0x00000000f3b80000,0x00000000f5872750,0x00000000f6780000)
  to   space 46592K, 0% used [0x00000000f0e00000,0x00000000f0e00000,0x00000000f3b80000)
 ParOldGen       total 134656K, used 97230K [0x00000000a0000000, 0x00000000a8380000, 0x00000000e0000000)
  object space 134656K, 72% used [0x00000000a0000000,0x00000000a5ef3a70,0x00000000a8380000)
 Metaspace       used 83442K, capacity 87066K, committed 87256K, reserved 1124352K
  class space    used 10663K, capacity 11403K, committed 11520K, reserved 1048576K
Event: 8309,586 GC heap after
Heap after GC invocations=20 (full 3):
 PSYoungGen      total 323072K, used 17909K [0x00000000e0000000, 0x00000000f8680000, 0x0000000100000000)
  eden space 276480K, 0% used [0x00000000e0000000,0x00000000e0000000,0x00000000f0e00000)
  from space 46592K, 38% used [0x00000000f0e00000,0x00000000f1f7d748,0x00000000f3b80000)
  to   space 44032K, 0% used [0x00000000f5b80000,0x00000000f5b80000,0x00000000f8680000)
 ParOldGen       total 134656K, used 97238K [0x00000000a0000000, 0x00000000a8380000, 0x00000000e0000000)
  object space 134656K, 72% used [0x00000000a0000000,0x00000000a5ef5a70,0x00000000a8380000)
 Metaspace       used 83442K, capacity 87066K, committed 87256K, reserved 1124352K
  class space    used 10663K, capacity 11403K, committed 11520K, reserved 1048576K
}
Event: 8313,672 GC heap before
{Heap before GC invocations=21 (full 3):
 PSYoungGen      total 323072K, used 294389K [0x00000000e0000000, 0x00000000f8680000, 0x0000000100000000)
  eden space 276480K, 100% used [0x00000000e0000000,0x00000000f0e00000,0x00000000f0e00000)
  from space 46592K, 38% used [0x00000000f0e00000,0x00000000f1f7d748,0x00000000f3b80000)
  to   space 44032K, 0% used [0x00000000f5b80000,0x00000000f5b80000,0x00000000f8680000)
 ParOldGen       total 134656K, used 97238K [0x00000000a0000000, 0x00000000a8380000, 0x00000000e0000000)
  object space 134656K, 72% used [0x00000000a0000000,0x00000000a5ef5a70,0x00000000a8380000)
 Metaspace       used 90120K, capacity 93764K, committed 93784K, reserved 1130496K
  class space    used 11372K, capacity 12140K, committed 12160K, reserved 1048576K
Event: 8313,740 GC heap after
Heap after GC invocations=21 (full 3):
 PSYoungGen      total 353280K, used 33151K [0x00000000e0000000, 0x00000000f8e00000, 0x0000000100000000)
  eden space 309248K, 0% used [0x00000000e0000000,0x00000000e0000000,0x00000000f2e00000)
  from space 44032K, 75% used [0x00000000f5b80000,0x00000000f7bdfd78,0x00000000f8680000)
  to   space 46592K, 0% used [0x00000000f2e00000,0x00000000f2e00000,0x00000000f5b80000)
 ParOldGen       total 134656K, used 97246K [0x00000000a0000000, 0x00000000a8380000, 0x00000000e0000000)
  object space 134656K, 72% used [0x00000000a0000000,0x00000000a5ef7a70,0x00000000a8380000)
 Metaspace       used 90120K, capacity 93764K, committed 93784K, reserved 1130496K
  class space    used 11372K, capacity 12140K, committed 12160K, reserved 1048576K
}
Event: 8316,300 GC heap before
{Heap before GC invocations=22 (full 3):
 PSYoungGen      total 353280K, used 250272K [0x00000000e0000000, 0x00000000f8e00000, 0x0000000100000000)
  eden space 309248K, 70% used [0x00000000e0000000,0x00000000ed4084f0,0x00000000f2e00000)
  from space 44032K, 75% used [0x00000000f5b80000,0x00000000f7bdfd78,0x00000000f8680000)
  to   space 46592K, 0% used [0x00000000f2e00000,0x00000000f2e00000,0x00000000f5b80000)
 ParOldGen       total 134656K, used 97246K [0x00000000a0000000, 0x00000000a8380000, 0x00000000e0000000)
  object space 134656K, 72% used [0x00000000a0000000,0x00000000a5ef7a70,0x00000000a8380000)
 Metaspace       used 94571K, capacity 98338K, committed 98380K, reserved 1134592K
  class space    used 12005K, capacity 12769K, committed 12800K, reserved 1048576K
Event: 8316,442 GC heap after
Heap after GC invocations=22 (full 3):
 PSYoungGen      total 355840K, used 46283K [0x00000000e0000000, 0x00000000fcd80000, 0x0000000100000000)
  eden space 309248K, 0% used [0x00000000e0000000,0x00000000e0000000,0x00000000f2e00000)
  from space 46592K, 99% used [0x00000000f2e00000,0x00000000f5b32dd0,0x00000000f5b80000)
  to   space 53760K, 0% used [0x00000000f9900000,0x00000000f9900000,0x00000000fcd80000)
 ParOldGen       total 134656K, used 97254K [0x00000000a0000000, 0x00000000a8380000, 0x00000000e0000000)
  object space 134656K, 72% used [0x00000000a0000000,0x00000000a5ef9a70,0x00000000a8380000)
 Metaspace       used 94571K, capacity 98338K, committed 98380K, reserved 1134592K
  class space    used 12005K, capacity 12769K, committed 12800K, reserved 1048576K
}
Event: 8316,454 GC heap before
{Heap before GC invocations=23 (full 4):
 PSYoungGen      total 355840K, used 46283K [0x00000000e0000000, 0x00000000fcd80000, 0x0000000100000000)
  eden space 309248K, 0% used [0x00000000e0000000,0x00000000e0000000,0x00000000f2e00000)
  from space 46592K, 99% used [0x00000000f2e00000,0x00000000f5b32dd0,0x00000000f5b80000)
  to   space 53760K, 0% used [0x00000000f9900000,0x00000000f9900000,0x00000000fcd80000)
 ParOldGen       total 134656K, used 97254K [0x00000000a0000000, 0x00000000a8380000, 0x00000000e0000000)
  object space 134656K, 72% used [0x00000000a0000000,0x00000000a5ef9a70,0x00000000a8380000)
 Metaspace       used 94571K, capacity 98338K, committed 98380K, reserved 1134592K
  class space    used 12005K, capacity 12769K, committed 12800K, reserved 1048576K

